<?xml version="1.0" encoding="UTF-8"?>
<testsuite name="ac.kr.smu.studyspringboot.StudyspringbootApplicationTests" tests="1" skipped="0" failures="0" errors="0" timestamp="2020-04-23T09:34:05" hostname="DESKTOP-S36RG68" time="0.475">
  <properties/>
  <testcase name="test()" classname="ac.kr.smu.studyspringboot.StudyspringbootApplicationTests" time="0.475"/>
  <system-out><![CDATA[18:33:59.433 [Test worker] DEBUG org.springframework.test.context.BootstrapUtils - Instantiating CacheAwareContextLoaderDelegate from class [org.springframework.test.context.cache.DefaultCacheAwareContextLoaderDelegate]
18:33:59.451 [Test worker] DEBUG org.springframework.test.context.BootstrapUtils - Instantiating BootstrapContext using constructor [public org.springframework.test.context.support.DefaultBootstrapContext(java.lang.Class,org.springframework.test.context.CacheAwareContextLoaderDelegate)]
18:33:59.494 [Test worker] DEBUG org.springframework.test.context.BootstrapUtils - Instantiating TestContextBootstrapper for test class [ac.kr.smu.studyspringboot.StudyspringbootApplicationTests] from class [org.springframework.boot.test.autoconfigure.orm.jpa.DataJpaTestContextBootstrapper]
18:33:59.523 [Test worker] INFO org.springframework.boot.test.autoconfigure.orm.jpa.DataJpaTestContextBootstrapper - Neither @ContextConfiguration nor @ContextHierarchy found for test class [ac.kr.smu.studyspringboot.StudyspringbootApplicationTests], using SpringBootContextLoader
18:33:59.529 [Test worker] DEBUG org.springframework.test.context.support.AbstractContextLoader - Did not detect default resource location for test class [ac.kr.smu.studyspringboot.StudyspringbootApplicationTests]: class path resource [ac/kr/smu/studyspringboot/StudyspringbootApplicationTests-context.xml] does not exist
18:33:59.530 [Test worker] DEBUG org.springframework.test.context.support.AbstractContextLoader - Did not detect default resource location for test class [ac.kr.smu.studyspringboot.StudyspringbootApplicationTests]: class path resource [ac/kr/smu/studyspringboot/StudyspringbootApplicationTestsContext.groovy] does not exist
18:33:59.531 [Test worker] INFO org.springframework.test.context.support.AbstractContextLoader - Could not detect default resource locations for test class [ac.kr.smu.studyspringboot.StudyspringbootApplicationTests]: no resource found for suffixes {-context.xml, Context.groovy}.
18:33:59.532 [Test worker] INFO org.springframework.test.context.support.AnnotationConfigContextLoaderUtils - Could not detect default configuration classes for test class [ac.kr.smu.studyspringboot.StudyspringbootApplicationTests]: StudyspringbootApplicationTests does not declare any static, non-private, non-final, nested classes annotated with @Configuration.
18:33:59.616 [Test worker] DEBUG org.springframework.test.context.support.ActiveProfilesUtils - Could not find an 'annotation declaring class' for annotation type [org.springframework.test.context.ActiveProfiles] and class [ac.kr.smu.studyspringboot.StudyspringbootApplicationTests]
18:33:59.749 [Test worker] DEBUG org.springframework.context.annotation.ClassPathScanningCandidateComponentProvider - Identified candidate component class: file [C:\Users\N\IdeaProjects\studySpringBoot\build\classes\java\main\ac\kr\smu\studyspringboot\StudyspringbootApplication.class]
18:33:59.752 [Test worker] INFO org.springframework.boot.test.context.SpringBootTestContextBootstrapper - Found @SpringBootConfiguration ac.kr.smu.studyspringboot.StudyspringbootApplication for test class ac.kr.smu.studyspringboot.StudyspringbootApplicationTests
18:33:59.756 [Test worker] DEBUG org.springframework.boot.test.autoconfigure.orm.jpa.DataJpaTestContextBootstrapper - @TestExecutionListeners is not present for class [ac.kr.smu.studyspringboot.StudyspringbootApplicationTests]: using defaults.
18:33:59.757 [Test worker] INFO org.springframework.boot.test.autoconfigure.orm.jpa.DataJpaTestContextBootstrapper - Loaded default TestExecutionListener class names from location [META-INF/spring.factories]: [org.springframework.boot.test.autoconfigure.restdocs.RestDocsTestExecutionListener, org.springframework.boot.test.autoconfigure.web.client.MockRestServiceServerResetTestExecutionListener, org.springframework.boot.test.autoconfigure.web.servlet.MockMvcPrintOnlyOnFailureTestExecutionListener, org.springframework.boot.test.autoconfigure.web.servlet.WebDriverTestExecutionListener, org.springframework.boot.test.mock.mockito.MockitoTestExecutionListener, org.springframework.boot.test.mock.mockito.ResetMocksTestExecutionListener, org.springframework.test.context.web.ServletTestExecutionListener, org.springframework.test.context.support.DirtiesContextBeforeModesTestExecutionListener, org.springframework.test.context.support.DependencyInjectionTestExecutionListener, org.springframework.test.context.support.DirtiesContextTestExecutionListener, org.springframework.test.context.transaction.TransactionalTestExecutionListener, org.springframework.test.context.jdbc.SqlScriptsTestExecutionListener, org.springframework.test.context.event.EventPublishingTestExecutionListener]
18:33:59.801 [Test worker] INFO org.springframework.boot.test.autoconfigure.orm.jpa.DataJpaTestContextBootstrapper - Using TestExecutionListeners: [org.springframework.test.context.web.ServletTestExecutionListener@5af39c7e, org.springframework.test.context.support.DirtiesContextBeforeModesTestExecutionListener@6a97083, org.springframework.boot.test.mock.mockito.MockitoTestExecutionListener@465161db, org.springframework.boot.test.autoconfigure.SpringBootDependencyInjectionTestExecutionListener@4d147d83, org.springframework.test.context.support.DirtiesContextTestExecutionListener@bc21833, org.springframework.test.context.transaction.TransactionalTestExecutionListener@46225ca0, org.springframework.test.context.jdbc.SqlScriptsTestExecutionListener@b30a206, org.springframework.test.context.event.EventPublishingTestExecutionListener@65a62e86, org.springframework.boot.test.autoconfigure.restdocs.RestDocsTestExecutionListener@7ebeb181, org.springframework.boot.test.autoconfigure.web.client.MockRestServiceServerResetTestExecutionListener@2aad35aa, org.springframework.boot.test.autoconfigure.web.servlet.MockMvcPrintOnlyOnFailureTestExecutionListener@2483826b, org.springframework.boot.test.autoconfigure.web.servlet.WebDriverTestExecutionListener@70854a63, org.springframework.boot.test.mock.mockito.ResetMocksTestExecutionListener@7bbcdf4b]
18:33:59.812 [Test worker] DEBUG org.springframework.test.context.support.AbstractDirtiesContextTestExecutionListener - Before test class: context [DefaultTestContext@2bf0f578 testClass = StudyspringbootApplicationTests, testInstance = [null], testMethod = [null], testException = [null], mergedContextConfiguration = [MergedContextConfiguration@5b3db1f8 testClass = StudyspringbootApplicationTests, locations = '{}', classes = '{class ac.kr.smu.studyspringboot.StudyspringbootApplication}', contextInitializerClasses = '[]', activeProfiles = '{}', propertySourceLocations = '{}', propertySourceProperties = '{org.springframework.boot.test.autoconfigure.orm.jpa.DataJpaTestContextBootstrapper=true}', contextCustomizers = set[org.springframework.boot.test.autoconfigure.OverrideAutoConfigurationContextCustomizerFactory$DisableAutoConfigurationContextCustomizer@2ec432f3, org.springframework.boot.test.autoconfigure.filter.TypeExcludeFiltersContextCustomizer@351584c0, org.springframework.boot.test.autoconfigure.properties.PropertyMappingContextCustomizer@2e1c2f97, org.springframework.boot.test.autoconfigure.web.servlet.WebDriverContextCustomizerFactory$Customizer@2653e79c, [ImportsContextCustomizer@4f32ae15 key = [org.springframework.boot.autoconfigure.cache.CacheAutoConfiguration, org.springframework.boot.autoconfigure.data.jpa.JpaRepositoriesAutoConfiguration, org.springframework.boot.autoconfigure.flyway.FlywayAutoConfiguration, org.springframework.boot.autoconfigure.jdbc.DataSourceAutoConfiguration, org.springframework.boot.autoconfigure.jdbc.DataSourceTransactionManagerAutoConfiguration, org.springframework.boot.autoconfigure.jdbc.JdbcTemplateAutoConfiguration, org.springframework.boot.autoconfigure.liquibase.LiquibaseAutoConfiguration, org.springframework.boot.autoconfigure.orm.jpa.HibernateJpaAutoConfiguration, org.springframework.boot.autoconfigure.transaction.TransactionAutoConfiguration, org.springframework.boot.test.autoconfigure.jdbc.TestDatabaseAutoConfiguration, org.springframework.boot.test.autoconfigure.orm.jpa.TestEntityManagerAutoConfiguration]], org.springframework.boot.test.context.filter.ExcludeFilterContextCustomizer@581f317d, org.springframework.boot.test.json.DuplicateJsonObjectContextCustomizerFactory$DuplicateJsonObjectContextCustomizer@1c33d067, org.springframework.boot.test.mock.mockito.MockitoContextCustomizer@0], contextLoader = 'org.springframework.boot.test.context.SpringBootContextLoader', parent = [null]], attributes = map[[empty]]], class annotated with @DirtiesContext [false] with mode [null].
18:33:59.841 [Test worker] DEBUG org.springframework.test.context.support.DependencyInjectionTestExecutionListener - Performing dependency injection for test context [[DefaultTestContext@2bf0f578 testClass = StudyspringbootApplicationTests, testInstance = ac.kr.smu.studyspringboot.StudyspringbootApplicationTests@7bfa8a59, testMethod = [null], testException = [null], mergedContextConfiguration = [MergedContextConfiguration@5b3db1f8 testClass = StudyspringbootApplicationTests, locations = '{}', classes = '{class ac.kr.smu.studyspringboot.StudyspringbootApplication}', contextInitializerClasses = '[]', activeProfiles = '{}', propertySourceLocations = '{}', propertySourceProperties = '{org.springframework.boot.test.autoconfigure.orm.jpa.DataJpaTestContextBootstrapper=true}', contextCustomizers = set[org.springframework.boot.test.autoconfigure.OverrideAutoConfigurationContextCustomizerFactory$DisableAutoConfigurationContextCustomizer@2ec432f3, org.springframework.boot.test.autoconfigure.filter.TypeExcludeFiltersContextCustomizer@351584c0, org.springframework.boot.test.autoconfigure.properties.PropertyMappingContextCustomizer@2e1c2f97, org.springframework.boot.test.autoconfigure.web.servlet.WebDriverContextCustomizerFactory$Customizer@2653e79c, [ImportsContextCustomizer@4f32ae15 key = [org.springframework.boot.autoconfigure.cache.CacheAutoConfiguration, org.springframework.boot.autoconfigure.data.jpa.JpaRepositoriesAutoConfiguration, org.springframework.boot.autoconfigure.flyway.FlywayAutoConfiguration, org.springframework.boot.autoconfigure.jdbc.DataSourceAutoConfiguration, org.springframework.boot.autoconfigure.jdbc.DataSourceTransactionManagerAutoConfiguration, org.springframework.boot.autoconfigure.jdbc.JdbcTemplateAutoConfiguration, org.springframework.boot.autoconfigure.liquibase.LiquibaseAutoConfiguration, org.springframework.boot.autoconfigure.orm.jpa.HibernateJpaAutoConfiguration, org.springframework.boot.autoconfigure.transaction.TransactionAutoConfiguration, org.springframework.boot.test.autoconfigure.jdbc.TestDatabaseAutoConfiguration, org.springframework.boot.test.autoconfigure.orm.jpa.TestEntityManagerAutoConfiguration]], org.springframework.boot.test.context.filter.ExcludeFilterContextCustomizer@581f317d, org.springframework.boot.test.json.DuplicateJsonObjectContextCustomizerFactory$DuplicateJsonObjectContextCustomizer@1c33d067, org.springframework.boot.test.mock.mockito.MockitoContextCustomizer@0], contextLoader = 'org.springframework.boot.test.context.SpringBootContextLoader', parent = [null]], attributes = map[[empty]]]].
18:34:00.008 [Test worker] DEBUG org.springframework.test.context.support.TestPropertySourceUtils - Adding inlined properties to environment: {spring.jmx.enabled=false, org.springframework.boot.test.autoconfigure.orm.jpa.DataJpaTestContextBootstrapper=true, server.port=-1}

  .   ____          _            __ _ _
 /\\ / ___'_ __ _ _(_)_ __  __ _ \ \ \ \
( ( )\___ | '_ | '_| | '_ \/ _` | \ \ \ \
 \\/  ___)| |_)| | | | | || (_| |  ) ) ) )
  '  |____| .__|_| |_|_| |_\__, | / / / /
 =========|_|==============|___/=/_/_/_/
 :: Spring Boot ::        (v2.2.6.RELEASE)

2020-04-23 18:34:00.549  INFO 19316 --- [    Test worker] a.k.s.s.StudyspringbootApplicationTests  : Starting StudyspringbootApplicationTests on DESKTOP-S36RG68 with PID 19316 (started by 호준 in C:\Users\N\IdeaProjects\studySpringBoot)
2020-04-23 18:34:00.552  INFO 19316 --- [    Test worker] a.k.s.s.StudyspringbootApplicationTests  : No active profile set, falling back to default profiles: default
2020-04-23 18:34:01.066  INFO 19316 --- [    Test worker] .s.d.r.c.RepositoryConfigurationDelegate : Bootstrapping Spring Data JPA repositories in DEFAULT mode.
2020-04-23 18:34:01.137  INFO 19316 --- [    Test worker] .s.d.r.c.RepositoryConfigurationDelegate : Finished Spring Data repository scanning in 59ms. Found 2 JPA repository interfaces.
2020-04-23 18:34:01.251  INFO 19316 --- [    Test worker] beddedDataSourceBeanFactoryPostProcessor : Replacing 'dataSource' DataSource bean with embedded version
2020-04-23 18:34:01.500  INFO 19316 --- [    Test worker] o.s.j.d.e.EmbeddedDatabaseFactory        : Starting embedded database: url='jdbc:h2:mem:ae5aea0f-a776-46d0-add7-f17b912ecf23;DB_CLOSE_DELAY=-1;DB_CLOSE_ON_EXIT=false', username='sa'
2020-04-23 18:34:02.046  INFO 19316 --- [    Test worker] o.hibernate.jpa.internal.util.LogHelper  : HHH000204: Processing PersistenceUnitInfo [name: default]
2020-04-23 18:34:02.205  INFO 19316 --- [    Test worker] org.hibernate.Version                    : HHH000412: Hibernate ORM core version 5.4.12.Final
2020-04-23 18:34:02.450  INFO 19316 --- [    Test worker] o.hibernate.annotations.common.Version   : HCANN000001: Hibernate Commons Annotations {5.1.0.Final}
2020-04-23 18:34:02.719  INFO 19316 --- [    Test worker] org.hibernate.dialect.Dialect            : HHH000400: Using dialect: org.hibernate.dialect.H2Dialect
Hibernate: drop table board if exists
Hibernate: drop table user if exists
Hibernate: create table board (idx bigint generated by default as identity, board_type varchar(255), content varchar(255), created_date timestamp, sub_title varchar(255), title varchar(255), updated_date timestamp, user_idx bigint, primary key (idx))
Hibernate: create table user (idx bigint generated by default as identity, created_date timestamp, email varchar(255), name varchar(255), password varchar(255), update_date timestamp, primary key (idx))
Hibernate: alter table board add constraint FK99mdf4t9hc7f662omr9279bbk foreign key (user_idx) references user
2020-04-23 18:34:03.991  INFO 19316 --- [    Test worker] o.h.e.t.j.p.i.JtaPlatformInitiator       : HHH000490: Using JtaPlatform implementation: [org.hibernate.engine.transaction.jta.platform.internal.NoJtaPlatform]
2020-04-23 18:34:04.015  INFO 19316 --- [    Test worker] j.LocalContainerEntityManagerFactoryBean : Initialized JPA EntityManagerFactory for persistence unit 'default'
2020-04-23 18:34:04.975  INFO 19316 --- [    Test worker] a.k.s.s.StudyspringbootApplicationTests  : Started StudyspringbootApplicationTests in 4.961 seconds (JVM running for 7.368)
Hibernate: insert into user (idx, created_date, email, name, password, update_date) values (null, ?, ?, ?, ?, ?)
Hibernate: insert into board (idx, board_type, content, created_date, sub_title, title, updated_date, user_idx) values (null, ?, ?, ?, ?, ?, ?, ?)
Hibernate: insert into board (idx, board_type, content, created_date, sub_title, title, updated_date, user_idx) values (null, ?, ?, ?, ?, ?, ?, ?)
Hibernate: insert into board (idx, board_type, content, created_date, sub_title, title, updated_date, user_idx) values (null, ?, ?, ?, ?, ?, ?, ?)
Hibernate: insert into board (idx, board_type, content, created_date, sub_title, title, updated_date, user_idx) values (null, ?, ?, ?, ?, ?, ?, ?)
Hibernate: insert into board (idx, board_type, content, created_date, sub_title, title, updated_date, user_idx) values (null, ?, ?, ?, ?, ?, ?, ?)
Hibernate: insert into board (idx, board_type, content, created_date, sub_title, title, updated_date, user_idx) values (null, ?, ?, ?, ?, ?, ?, ?)
Hibernate: insert into board (idx, board_type, content, created_date, sub_title, title, updated_date, user_idx) values (null, ?, ?, ?, ?, ?, ?, ?)
Hibernate: insert into board (idx, board_type, content, created_date, sub_title, title, updated_date, user_idx) values (null, ?, ?, ?, ?, ?, ?, ?)
Hibernate: insert into board (idx, board_type, content, created_date, sub_title, title, updated_date, user_idx) values (null, ?, ?, ?, ?, ?, ?, ?)
Hibernate: insert into board (idx, board_type, content, created_date, sub_title, title, updated_date, user_idx) values (null, ?, ?, ?, ?, ?, ?, ?)
Hibernate: insert into board (idx, board_type, content, created_date, sub_title, title, updated_date, user_idx) values (null, ?, ?, ?, ?, ?, ?, ?)
Hibernate: insert into board (idx, board_type, content, created_date, sub_title, title, updated_date, user_idx) values (null, ?, ?, ?, ?, ?, ?, ?)
Hibernate: insert into board (idx, board_type, content, created_date, sub_title, title, updated_date, user_idx) values (null, ?, ?, ?, ?, ?, ?, ?)
Hibernate: insert into board (idx, board_type, content, created_date, sub_title, title, updated_date, user_idx) values (null, ?, ?, ?, ?, ?, ?, ?)
Hibernate: insert into board (idx, board_type, content, created_date, sub_title, title, updated_date, user_idx) values (null, ?, ?, ?, ?, ?, ?, ?)
Hibernate: insert into board (idx, board_type, content, created_date, sub_title, title, updated_date, user_idx) values (null, ?, ?, ?, ?, ?, ?, ?)
Hibernate: insert into board (idx, board_type, content, created_date, sub_title, title, updated_date, user_idx) values (null, ?, ?, ?, ?, ?, ?, ?)
Hibernate: insert into board (idx, board_type, content, created_date, sub_title, title, updated_date, user_idx) values (null, ?, ?, ?, ?, ?, ?, ?)
Hibernate: insert into board (idx, board_type, content, created_date, sub_title, title, updated_date, user_idx) values (null, ?, ?, ?, ?, ?, ?, ?)
Hibernate: insert into board (idx, board_type, content, created_date, sub_title, title, updated_date, user_idx) values (null, ?, ?, ?, ?, ?, ?, ?)
Hibernate: insert into board (idx, board_type, content, created_date, sub_title, title, updated_date, user_idx) values (null, ?, ?, ?, ?, ?, ?, ?)
Hibernate: insert into board (idx, board_type, content, created_date, sub_title, title, updated_date, user_idx) values (null, ?, ?, ?, ?, ?, ?, ?)
Hibernate: insert into board (idx, board_type, content, created_date, sub_title, title, updated_date, user_idx) values (null, ?, ?, ?, ?, ?, ?, ?)
Hibernate: insert into board (idx, board_type, content, created_date, sub_title, title, updated_date, user_idx) values (null, ?, ?, ?, ?, ?, ?, ?)
Hibernate: insert into board (idx, board_type, content, created_date, sub_title, title, updated_date, user_idx) values (null, ?, ?, ?, ?, ?, ?, ?)
Hibernate: insert into board (idx, board_type, content, created_date, sub_title, title, updated_date, user_idx) values (null, ?, ?, ?, ?, ?, ?, ?)
Hibernate: insert into board (idx, board_type, content, created_date, sub_title, title, updated_date, user_idx) values (null, ?, ?, ?, ?, ?, ?, ?)
Hibernate: insert into board (idx, board_type, content, created_date, sub_title, title, updated_date, user_idx) values (null, ?, ?, ?, ?, ?, ?, ?)
Hibernate: insert into board (idx, board_type, content, created_date, sub_title, title, updated_date, user_idx) values (null, ?, ?, ?, ?, ?, ?, ?)
Hibernate: insert into board (idx, board_type, content, created_date, sub_title, title, updated_date, user_idx) values (null, ?, ?, ?, ?, ?, ?, ?)
Hibernate: insert into board (idx, board_type, content, created_date, sub_title, title, updated_date, user_idx) values (null, ?, ?, ?, ?, ?, ?, ?)
Hibernate: insert into board (idx, board_type, content, created_date, sub_title, title, updated_date, user_idx) values (null, ?, ?, ?, ?, ?, ?, ?)
Hibernate: insert into board (idx, board_type, content, created_date, sub_title, title, updated_date, user_idx) values (null, ?, ?, ?, ?, ?, ?, ?)
Hibernate: insert into board (idx, board_type, content, created_date, sub_title, title, updated_date, user_idx) values (null, ?, ?, ?, ?, ?, ?, ?)
Hibernate: insert into board (idx, board_type, content, created_date, sub_title, title, updated_date, user_idx) values (null, ?, ?, ?, ?, ?, ?, ?)
Hibernate: insert into board (idx, board_type, content, created_date, sub_title, title, updated_date, user_idx) values (null, ?, ?, ?, ?, ?, ?, ?)
Hibernate: insert into board (idx, board_type, content, created_date, sub_title, title, updated_date, user_idx) values (null, ?, ?, ?, ?, ?, ?, ?)
Hibernate: insert into board (idx, board_type, content, created_date, sub_title, title, updated_date, user_idx) values (null, ?, ?, ?, ?, ?, ?, ?)
Hibernate: insert into board (idx, board_type, content, created_date, sub_title, title, updated_date, user_idx) values (null, ?, ?, ?, ?, ?, ?, ?)
Hibernate: insert into board (idx, board_type, content, created_date, sub_title, title, updated_date, user_idx) values (null, ?, ?, ?, ?, ?, ?, ?)
Hibernate: insert into board (idx, board_type, content, created_date, sub_title, title, updated_date, user_idx) values (null, ?, ?, ?, ?, ?, ?, ?)
Hibernate: insert into board (idx, board_type, content, created_date, sub_title, title, updated_date, user_idx) values (null, ?, ?, ?, ?, ?, ?, ?)
Hibernate: insert into board (idx, board_type, content, created_date, sub_title, title, updated_date, user_idx) values (null, ?, ?, ?, ?, ?, ?, ?)
Hibernate: insert into board (idx, board_type, content, created_date, sub_title, title, updated_date, user_idx) values (null, ?, ?, ?, ?, ?, ?, ?)
Hibernate: insert into board (idx, board_type, content, created_date, sub_title, title, updated_date, user_idx) values (null, ?, ?, ?, ?, ?, ?, ?)
Hibernate: insert into board (idx, board_type, content, created_date, sub_title, title, updated_date, user_idx) values (null, ?, ?, ?, ?, ?, ?, ?)
Hibernate: insert into board (idx, board_type, content, created_date, sub_title, title, updated_date, user_idx) values (null, ?, ?, ?, ?, ?, ?, ?)
Hibernate: insert into board (idx, board_type, content, created_date, sub_title, title, updated_date, user_idx) values (null, ?, ?, ?, ?, ?, ?, ?)
Hibernate: insert into board (idx, board_type, content, created_date, sub_title, title, updated_date, user_idx) values (null, ?, ?, ?, ?, ?, ?, ?)
Hibernate: insert into board (idx, board_type, content, created_date, sub_title, title, updated_date, user_idx) values (null, ?, ?, ?, ?, ?, ?, ?)
Hibernate: insert into board (idx, board_type, content, created_date, sub_title, title, updated_date, user_idx) values (null, ?, ?, ?, ?, ?, ?, ?)
Hibernate: insert into board (idx, board_type, content, created_date, sub_title, title, updated_date, user_idx) values (null, ?, ?, ?, ?, ?, ?, ?)
Hibernate: insert into board (idx, board_type, content, created_date, sub_title, title, updated_date, user_idx) values (null, ?, ?, ?, ?, ?, ?, ?)
Hibernate: insert into board (idx, board_type, content, created_date, sub_title, title, updated_date, user_idx) values (null, ?, ?, ?, ?, ?, ?, ?)
Hibernate: insert into board (idx, board_type, content, created_date, sub_title, title, updated_date, user_idx) values (null, ?, ?, ?, ?, ?, ?, ?)
Hibernate: insert into board (idx, board_type, content, created_date, sub_title, title, updated_date, user_idx) values (null, ?, ?, ?, ?, ?, ?, ?)
Hibernate: insert into board (idx, board_type, content, created_date, sub_title, title, updated_date, user_idx) values (null, ?, ?, ?, ?, ?, ?, ?)
Hibernate: insert into board (idx, board_type, content, created_date, sub_title, title, updated_date, user_idx) values (null, ?, ?, ?, ?, ?, ?, ?)
Hibernate: insert into board (idx, board_type, content, created_date, sub_title, title, updated_date, user_idx) values (null, ?, ?, ?, ?, ?, ?, ?)
Hibernate: insert into board (idx, board_type, content, created_date, sub_title, title, updated_date, user_idx) values (null, ?, ?, ?, ?, ?, ?, ?)
Hibernate: insert into board (idx, board_type, content, created_date, sub_title, title, updated_date, user_idx) values (null, ?, ?, ?, ?, ?, ?, ?)
Hibernate: insert into board (idx, board_type, content, created_date, sub_title, title, updated_date, user_idx) values (null, ?, ?, ?, ?, ?, ?, ?)
Hibernate: insert into board (idx, board_type, content, created_date, sub_title, title, updated_date, user_idx) values (null, ?, ?, ?, ?, ?, ?, ?)
Hibernate: insert into board (idx, board_type, content, created_date, sub_title, title, updated_date, user_idx) values (null, ?, ?, ?, ?, ?, ?, ?)
Hibernate: insert into board (idx, board_type, content, created_date, sub_title, title, updated_date, user_idx) values (null, ?, ?, ?, ?, ?, ?, ?)
Hibernate: insert into board (idx, board_type, content, created_date, sub_title, title, updated_date, user_idx) values (null, ?, ?, ?, ?, ?, ?, ?)
Hibernate: insert into board (idx, board_type, content, created_date, sub_title, title, updated_date, user_idx) values (null, ?, ?, ?, ?, ?, ?, ?)
Hibernate: insert into board (idx, board_type, content, created_date, sub_title, title, updated_date, user_idx) values (null, ?, ?, ?, ?, ?, ?, ?)
Hibernate: insert into board (idx, board_type, content, created_date, sub_title, title, updated_date, user_idx) values (null, ?, ?, ?, ?, ?, ?, ?)
Hibernate: insert into board (idx, board_type, content, created_date, sub_title, title, updated_date, user_idx) values (null, ?, ?, ?, ?, ?, ?, ?)
Hibernate: insert into board (idx, board_type, content, created_date, sub_title, title, updated_date, user_idx) values (null, ?, ?, ?, ?, ?, ?, ?)
Hibernate: insert into board (idx, board_type, content, created_date, sub_title, title, updated_date, user_idx) values (null, ?, ?, ?, ?, ?, ?, ?)
Hibernate: insert into board (idx, board_type, content, created_date, sub_title, title, updated_date, user_idx) values (null, ?, ?, ?, ?, ?, ?, ?)
Hibernate: insert into board (idx, board_type, content, created_date, sub_title, title, updated_date, user_idx) values (null, ?, ?, ?, ?, ?, ?, ?)
Hibernate: insert into board (idx, board_type, content, created_date, sub_title, title, updated_date, user_idx) values (null, ?, ?, ?, ?, ?, ?, ?)
Hibernate: insert into board (idx, board_type, content, created_date, sub_title, title, updated_date, user_idx) values (null, ?, ?, ?, ?, ?, ?, ?)
Hibernate: insert into board (idx, board_type, content, created_date, sub_title, title, updated_date, user_idx) values (null, ?, ?, ?, ?, ?, ?, ?)
Hibernate: insert into board (idx, board_type, content, created_date, sub_title, title, updated_date, user_idx) values (null, ?, ?, ?, ?, ?, ?, ?)
Hibernate: insert into board (idx, board_type, content, created_date, sub_title, title, updated_date, user_idx) values (null, ?, ?, ?, ?, ?, ?, ?)
Hibernate: insert into board (idx, board_type, content, created_date, sub_title, title, updated_date, user_idx) values (null, ?, ?, ?, ?, ?, ?, ?)
Hibernate: insert into board (idx, board_type, content, created_date, sub_title, title, updated_date, user_idx) values (null, ?, ?, ?, ?, ?, ?, ?)
Hibernate: insert into board (idx, board_type, content, created_date, sub_title, title, updated_date, user_idx) values (null, ?, ?, ?, ?, ?, ?, ?)
Hibernate: insert into board (idx, board_type, content, created_date, sub_title, title, updated_date, user_idx) values (null, ?, ?, ?, ?, ?, ?, ?)
Hibernate: insert into board (idx, board_type, content, created_date, sub_title, title, updated_date, user_idx) values (null, ?, ?, ?, ?, ?, ?, ?)
Hibernate: insert into board (idx, board_type, content, created_date, sub_title, title, updated_date, user_idx) values (null, ?, ?, ?, ?, ?, ?, ?)
Hibernate: insert into board (idx, board_type, content, created_date, sub_title, title, updated_date, user_idx) values (null, ?, ?, ?, ?, ?, ?, ?)
Hibernate: insert into board (idx, board_type, content, created_date, sub_title, title, updated_date, user_idx) values (null, ?, ?, ?, ?, ?, ?, ?)
Hibernate: insert into board (idx, board_type, content, created_date, sub_title, title, updated_date, user_idx) values (null, ?, ?, ?, ?, ?, ?, ?)
Hibernate: insert into board (idx, board_type, content, created_date, sub_title, title, updated_date, user_idx) values (null, ?, ?, ?, ?, ?, ?, ?)
Hibernate: insert into board (idx, board_type, content, created_date, sub_title, title, updated_date, user_idx) values (null, ?, ?, ?, ?, ?, ?, ?)
Hibernate: insert into board (idx, board_type, content, created_date, sub_title, title, updated_date, user_idx) values (null, ?, ?, ?, ?, ?, ?, ?)
Hibernate: insert into board (idx, board_type, content, created_date, sub_title, title, updated_date, user_idx) values (null, ?, ?, ?, ?, ?, ?, ?)
Hibernate: insert into board (idx, board_type, content, created_date, sub_title, title, updated_date, user_idx) values (null, ?, ?, ?, ?, ?, ?, ?)
Hibernate: insert into board (idx, board_type, content, created_date, sub_title, title, updated_date, user_idx) values (null, ?, ?, ?, ?, ?, ?, ?)
Hibernate: insert into board (idx, board_type, content, created_date, sub_title, title, updated_date, user_idx) values (null, ?, ?, ?, ?, ?, ?, ?)
Hibernate: insert into board (idx, board_type, content, created_date, sub_title, title, updated_date, user_idx) values (null, ?, ?, ?, ?, ?, ?, ?)
Hibernate: insert into board (idx, board_type, content, created_date, sub_title, title, updated_date, user_idx) values (null, ?, ?, ?, ?, ?, ?, ?)
Hibernate: insert into board (idx, board_type, content, created_date, sub_title, title, updated_date, user_idx) values (null, ?, ?, ?, ?, ?, ?, ?)
Hibernate: insert into board (idx, board_type, content, created_date, sub_title, title, updated_date, user_idx) values (null, ?, ?, ?, ?, ?, ?, ?)
Hibernate: insert into board (idx, board_type, content, created_date, sub_title, title, updated_date, user_idx) values (null, ?, ?, ?, ?, ?, ?, ?)
Hibernate: insert into board (idx, board_type, content, created_date, sub_title, title, updated_date, user_idx) values (null, ?, ?, ?, ?, ?, ?, ?)
Hibernate: insert into board (idx, board_type, content, created_date, sub_title, title, updated_date, user_idx) values (null, ?, ?, ?, ?, ?, ?, ?)
Hibernate: insert into board (idx, board_type, content, created_date, sub_title, title, updated_date, user_idx) values (null, ?, ?, ?, ?, ?, ?, ?)
Hibernate: insert into board (idx, board_type, content, created_date, sub_title, title, updated_date, user_idx) values (null, ?, ?, ?, ?, ?, ?, ?)
Hibernate: insert into board (idx, board_type, content, created_date, sub_title, title, updated_date, user_idx) values (null, ?, ?, ?, ?, ?, ?, ?)
Hibernate: insert into board (idx, board_type, content, created_date, sub_title, title, updated_date, user_idx) values (null, ?, ?, ?, ?, ?, ?, ?)
Hibernate: insert into board (idx, board_type, content, created_date, sub_title, title, updated_date, user_idx) values (null, ?, ?, ?, ?, ?, ?, ?)
Hibernate: insert into board (idx, board_type, content, created_date, sub_title, title, updated_date, user_idx) values (null, ?, ?, ?, ?, ?, ?, ?)
Hibernate: insert into board (idx, board_type, content, created_date, sub_title, title, updated_date, user_idx) values (null, ?, ?, ?, ?, ?, ?, ?)
Hibernate: insert into board (idx, board_type, content, created_date, sub_title, title, updated_date, user_idx) values (null, ?, ?, ?, ?, ?, ?, ?)
Hibernate: insert into board (idx, board_type, content, created_date, sub_title, title, updated_date, user_idx) values (null, ?, ?, ?, ?, ?, ?, ?)
Hibernate: insert into board (idx, board_type, content, created_date, sub_title, title, updated_date, user_idx) values (null, ?, ?, ?, ?, ?, ?, ?)
Hibernate: insert into board (idx, board_type, content, created_date, sub_title, title, updated_date, user_idx) values (null, ?, ?, ?, ?, ?, ?, ?)
Hibernate: insert into board (idx, board_type, content, created_date, sub_title, title, updated_date, user_idx) values (null, ?, ?, ?, ?, ?, ?, ?)
Hibernate: insert into board (idx, board_type, content, created_date, sub_title, title, updated_date, user_idx) values (null, ?, ?, ?, ?, ?, ?, ?)
Hibernate: insert into board (idx, board_type, content, created_date, sub_title, title, updated_date, user_idx) values (null, ?, ?, ?, ?, ?, ?, ?)
Hibernate: insert into board (idx, board_type, content, created_date, sub_title, title, updated_date, user_idx) values (null, ?, ?, ?, ?, ?, ?, ?)
Hibernate: insert into board (idx, board_type, content, created_date, sub_title, title, updated_date, user_idx) values (null, ?, ?, ?, ?, ?, ?, ?)
Hibernate: insert into board (idx, board_type, content, created_date, sub_title, title, updated_date, user_idx) values (null, ?, ?, ?, ?, ?, ?, ?)
Hibernate: insert into board (idx, board_type, content, created_date, sub_title, title, updated_date, user_idx) values (null, ?, ?, ?, ?, ?, ?, ?)
Hibernate: insert into board (idx, board_type, content, created_date, sub_title, title, updated_date, user_idx) values (null, ?, ?, ?, ?, ?, ?, ?)
Hibernate: insert into board (idx, board_type, content, created_date, sub_title, title, updated_date, user_idx) values (null, ?, ?, ?, ?, ?, ?, ?)
Hibernate: insert into board (idx, board_type, content, created_date, sub_title, title, updated_date, user_idx) values (null, ?, ?, ?, ?, ?, ?, ?)
Hibernate: insert into board (idx, board_type, content, created_date, sub_title, title, updated_date, user_idx) values (null, ?, ?, ?, ?, ?, ?, ?)
Hibernate: insert into board (idx, board_type, content, created_date, sub_title, title, updated_date, user_idx) values (null, ?, ?, ?, ?, ?, ?, ?)
Hibernate: insert into board (idx, board_type, content, created_date, sub_title, title, updated_date, user_idx) values (null, ?, ?, ?, ?, ?, ?, ?)
Hibernate: insert into board (idx, board_type, content, created_date, sub_title, title, updated_date, user_idx) values (null, ?, ?, ?, ?, ?, ?, ?)
Hibernate: insert into board (idx, board_type, content, created_date, sub_title, title, updated_date, user_idx) values (null, ?, ?, ?, ?, ?, ?, ?)
Hibernate: insert into board (idx, board_type, content, created_date, sub_title, title, updated_date, user_idx) values (null, ?, ?, ?, ?, ?, ?, ?)
Hibernate: insert into board (idx, board_type, content, created_date, sub_title, title, updated_date, user_idx) values (null, ?, ?, ?, ?, ?, ?, ?)
Hibernate: insert into board (idx, board_type, content, created_date, sub_title, title, updated_date, user_idx) values (null, ?, ?, ?, ?, ?, ?, ?)
Hibernate: insert into board (idx, board_type, content, created_date, sub_title, title, updated_date, user_idx) values (null, ?, ?, ?, ?, ?, ?, ?)
Hibernate: insert into board (idx, board_type, content, created_date, sub_title, title, updated_date, user_idx) values (null, ?, ?, ?, ?, ?, ?, ?)
Hibernate: insert into board (idx, board_type, content, created_date, sub_title, title, updated_date, user_idx) values (null, ?, ?, ?, ?, ?, ?, ?)
Hibernate: insert into board (idx, board_type, content, created_date, sub_title, title, updated_date, user_idx) values (null, ?, ?, ?, ?, ?, ?, ?)
Hibernate: insert into board (idx, board_type, content, created_date, sub_title, title, updated_date, user_idx) values (null, ?, ?, ?, ?, ?, ?, ?)
Hibernate: insert into board (idx, board_type, content, created_date, sub_title, title, updated_date, user_idx) values (null, ?, ?, ?, ?, ?, ?, ?)
Hibernate: insert into board (idx, board_type, content, created_date, sub_title, title, updated_date, user_idx) values (null, ?, ?, ?, ?, ?, ?, ?)
Hibernate: insert into board (idx, board_type, content, created_date, sub_title, title, updated_date, user_idx) values (null, ?, ?, ?, ?, ?, ?, ?)
Hibernate: insert into board (idx, board_type, content, created_date, sub_title, title, updated_date, user_idx) values (null, ?, ?, ?, ?, ?, ?, ?)
Hibernate: insert into board (idx, board_type, content, created_date, sub_title, title, updated_date, user_idx) values (null, ?, ?, ?, ?, ?, ?, ?)
Hibernate: insert into board (idx, board_type, content, created_date, sub_title, title, updated_date, user_idx) values (null, ?, ?, ?, ?, ?, ?, ?)
Hibernate: insert into board (idx, board_type, content, created_date, sub_title, title, updated_date, user_idx) values (null, ?, ?, ?, ?, ?, ?, ?)
Hibernate: insert into board (idx, board_type, content, created_date, sub_title, title, updated_date, user_idx) values (null, ?, ?, ?, ?, ?, ?, ?)
Hibernate: insert into board (idx, board_type, content, created_date, sub_title, title, updated_date, user_idx) values (null, ?, ?, ?, ?, ?, ?, ?)
Hibernate: insert into board (idx, board_type, content, created_date, sub_title, title, updated_date, user_idx) values (null, ?, ?, ?, ?, ?, ?, ?)
Hibernate: insert into board (idx, board_type, content, created_date, sub_title, title, updated_date, user_idx) values (null, ?, ?, ?, ?, ?, ?, ?)
Hibernate: insert into board (idx, board_type, content, created_date, sub_title, title, updated_date, user_idx) values (null, ?, ?, ?, ?, ?, ?, ?)
Hibernate: insert into board (idx, board_type, content, created_date, sub_title, title, updated_date, user_idx) values (null, ?, ?, ?, ?, ?, ?, ?)
Hibernate: insert into board (idx, board_type, content, created_date, sub_title, title, updated_date, user_idx) values (null, ?, ?, ?, ?, ?, ?, ?)
Hibernate: insert into board (idx, board_type, content, created_date, sub_title, title, updated_date, user_idx) values (null, ?, ?, ?, ?, ?, ?, ?)
Hibernate: insert into board (idx, board_type, content, created_date, sub_title, title, updated_date, user_idx) values (null, ?, ?, ?, ?, ?, ?, ?)
Hibernate: insert into board (idx, board_type, content, created_date, sub_title, title, updated_date, user_idx) values (null, ?, ?, ?, ?, ?, ?, ?)
Hibernate: insert into board (idx, board_type, content, created_date, sub_title, title, updated_date, user_idx) values (null, ?, ?, ?, ?, ?, ?, ?)
Hibernate: insert into board (idx, board_type, content, created_date, sub_title, title, updated_date, user_idx) values (null, ?, ?, ?, ?, ?, ?, ?)
Hibernate: insert into board (idx, board_type, content, created_date, sub_title, title, updated_date, user_idx) values (null, ?, ?, ?, ?, ?, ?, ?)
Hibernate: insert into board (idx, board_type, content, created_date, sub_title, title, updated_date, user_idx) values (null, ?, ?, ?, ?, ?, ?, ?)
Hibernate: insert into board (idx, board_type, content, created_date, sub_title, title, updated_date, user_idx) values (null, ?, ?, ?, ?, ?, ?, ?)
Hibernate: insert into board (idx, board_type, content, created_date, sub_title, title, updated_date, user_idx) values (null, ?, ?, ?, ?, ?, ?, ?)
Hibernate: insert into board (idx, board_type, content, created_date, sub_title, title, updated_date, user_idx) values (null, ?, ?, ?, ?, ?, ?, ?)
Hibernate: insert into board (idx, board_type, content, created_date, sub_title, title, updated_date, user_idx) values (null, ?, ?, ?, ?, ?, ?, ?)
Hibernate: insert into board (idx, board_type, content, created_date, sub_title, title, updated_date, user_idx) values (null, ?, ?, ?, ?, ?, ?, ?)
Hibernate: insert into board (idx, board_type, content, created_date, sub_title, title, updated_date, user_idx) values (null, ?, ?, ?, ?, ?, ?, ?)
Hibernate: insert into board (idx, board_type, content, created_date, sub_title, title, updated_date, user_idx) values (null, ?, ?, ?, ?, ?, ?, ?)
Hibernate: insert into board (idx, board_type, content, created_date, sub_title, title, updated_date, user_idx) values (null, ?, ?, ?, ?, ?, ?, ?)
Hibernate: insert into board (idx, board_type, content, created_date, sub_title, title, updated_date, user_idx) values (null, ?, ?, ?, ?, ?, ?, ?)
Hibernate: insert into board (idx, board_type, content, created_date, sub_title, title, updated_date, user_idx) values (null, ?, ?, ?, ?, ?, ?, ?)
Hibernate: insert into board (idx, board_type, content, created_date, sub_title, title, updated_date, user_idx) values (null, ?, ?, ?, ?, ?, ?, ?)
Hibernate: insert into board (idx, board_type, content, created_date, sub_title, title, updated_date, user_idx) values (null, ?, ?, ?, ?, ?, ?, ?)
Hibernate: insert into board (idx, board_type, content, created_date, sub_title, title, updated_date, user_idx) values (null, ?, ?, ?, ?, ?, ?, ?)
Hibernate: insert into board (idx, board_type, content, created_date, sub_title, title, updated_date, user_idx) values (null, ?, ?, ?, ?, ?, ?, ?)
Hibernate: insert into board (idx, board_type, content, created_date, sub_title, title, updated_date, user_idx) values (null, ?, ?, ?, ?, ?, ?, ?)
Hibernate: insert into board (idx, board_type, content, created_date, sub_title, title, updated_date, user_idx) values (null, ?, ?, ?, ?, ?, ?, ?)
Hibernate: insert into board (idx, board_type, content, created_date, sub_title, title, updated_date, user_idx) values (null, ?, ?, ?, ?, ?, ?, ?)
Hibernate: insert into board (idx, board_type, content, created_date, sub_title, title, updated_date, user_idx) values (null, ?, ?, ?, ?, ?, ?, ?)
Hibernate: insert into board (idx, board_type, content, created_date, sub_title, title, updated_date, user_idx) values (null, ?, ?, ?, ?, ?, ?, ?)
Hibernate: insert into board (idx, board_type, content, created_date, sub_title, title, updated_date, user_idx) values (null, ?, ?, ?, ?, ?, ?, ?)
Hibernate: insert into board (idx, board_type, content, created_date, sub_title, title, updated_date, user_idx) values (null, ?, ?, ?, ?, ?, ?, ?)
Hibernate: insert into board (idx, board_type, content, created_date, sub_title, title, updated_date, user_idx) values (null, ?, ?, ?, ?, ?, ?, ?)
Hibernate: insert into board (idx, board_type, content, created_date, sub_title, title, updated_date, user_idx) values (null, ?, ?, ?, ?, ?, ?, ?)
Hibernate: insert into board (idx, board_type, content, created_date, sub_title, title, updated_date, user_idx) values (null, ?, ?, ?, ?, ?, ?, ?)
Hibernate: insert into board (idx, board_type, content, created_date, sub_title, title, updated_date, user_idx) values (null, ?, ?, ?, ?, ?, ?, ?)
Hibernate: insert into board (idx, board_type, content, created_date, sub_title, title, updated_date, user_idx) values (null, ?, ?, ?, ?, ?, ?, ?)
Hibernate: insert into board (idx, board_type, content, created_date, sub_title, title, updated_date, user_idx) values (null, ?, ?, ?, ?, ?, ?, ?)
Hibernate: insert into board (idx, board_type, content, created_date, sub_title, title, updated_date, user_idx) values (null, ?, ?, ?, ?, ?, ?, ?)
Hibernate: insert into board (idx, board_type, content, created_date, sub_title, title, updated_date, user_idx) values (null, ?, ?, ?, ?, ?, ?, ?)
Hibernate: insert into board (idx, board_type, content, created_date, sub_title, title, updated_date, user_idx) values (null, ?, ?, ?, ?, ?, ?, ?)
Hibernate: insert into board (idx, board_type, content, created_date, sub_title, title, updated_date, user_idx) values (null, ?, ?, ?, ?, ?, ?, ?)
Hibernate: insert into board (idx, board_type, content, created_date, sub_title, title, updated_date, user_idx) values (null, ?, ?, ?, ?, ?, ?, ?)
Hibernate: insert into board (idx, board_type, content, created_date, sub_title, title, updated_date, user_idx) values (null, ?, ?, ?, ?, ?, ?, ?)
Hibernate: insert into board (idx, board_type, content, created_date, sub_title, title, updated_date, user_idx) values (null, ?, ?, ?, ?, ?, ?, ?)
Hibernate: insert into board (idx, board_type, content, created_date, sub_title, title, updated_date, user_idx) values (null, ?, ?, ?, ?, ?, ?, ?)
Hibernate: insert into board (idx, board_type, content, created_date, sub_title, title, updated_date, user_idx) values (null, ?, ?, ?, ?, ?, ?, ?)
Hibernate: insert into board (idx, board_type, content, created_date, sub_title, title, updated_date, user_idx) values (null, ?, ?, ?, ?, ?, ?, ?)
Hibernate: insert into board (idx, board_type, content, created_date, sub_title, title, updated_date, user_idx) values (null, ?, ?, ?, ?, ?, ?, ?)
Hibernate: insert into board (idx, board_type, content, created_date, sub_title, title, updated_date, user_idx) values (null, ?, ?, ?, ?, ?, ?, ?)
Hibernate: insert into board (idx, board_type, content, created_date, sub_title, title, updated_date, user_idx) values (null, ?, ?, ?, ?, ?, ?, ?)
Hibernate: insert into board (idx, board_type, content, created_date, sub_title, title, updated_date, user_idx) values (null, ?, ?, ?, ?, ?, ?, ?)
Hibernate: insert into board (idx, board_type, content, created_date, sub_title, title, updated_date, user_idx) values (null, ?, ?, ?, ?, ?, ?, ?)
Hibernate: insert into board (idx, board_type, content, created_date, sub_title, title, updated_date, user_idx) values (null, ?, ?, ?, ?, ?, ?, ?)
2020-04-23 18:34:05.711  INFO 19316 --- [    Test worker] o.s.t.c.transaction.TransactionContext   : Began transaction (1) for test context [DefaultTestContext@2bf0f578 testClass = StudyspringbootApplicationTests, testInstance = ac.kr.smu.studyspringboot.StudyspringbootApplicationTests@7bfa8a59, testMethod = test@StudyspringbootApplicationTests, testException = [null], mergedContextConfiguration = [MergedContextConfiguration@5b3db1f8 testClass = StudyspringbootApplicationTests, locations = '{}', classes = '{class ac.kr.smu.studyspringboot.StudyspringbootApplication}', contextInitializerClasses = '[]', activeProfiles = '{}', propertySourceLocations = '{}', propertySourceProperties = '{org.springframework.boot.test.autoconfigure.orm.jpa.DataJpaTestContextBootstrapper=true}', contextCustomizers = set[org.springframework.boot.test.autoconfigure.OverrideAutoConfigurationContextCustomizerFactory$DisableAutoConfigurationContextCustomizer@2ec432f3, org.springframework.boot.test.autoconfigure.filter.TypeExcludeFiltersContextCustomizer@351584c0, org.springframework.boot.test.autoconfigure.properties.PropertyMappingContextCustomizer@2e1c2f97, org.springframework.boot.test.autoconfigure.web.servlet.WebDriverContextCustomizerFactory$Customizer@2653e79c, [ImportsContextCustomizer@4f32ae15 key = [org.springframework.boot.autoconfigure.cache.CacheAutoConfiguration, org.springframework.boot.autoconfigure.data.jpa.JpaRepositoriesAutoConfiguration, org.springframework.boot.autoconfigure.flyway.FlywayAutoConfiguration, org.springframework.boot.autoconfigure.jdbc.DataSourceAutoConfiguration, org.springframework.boot.autoconfigure.jdbc.DataSourceTransactionManagerAutoConfiguration, org.springframework.boot.autoconfigure.jdbc.JdbcTemplateAutoConfiguration, org.springframework.boot.autoconfigure.liquibase.LiquibaseAutoConfiguration, org.springframework.boot.autoconfigure.orm.jpa.HibernateJpaAutoConfiguration, org.springframework.boot.autoconfigure.transaction.TransactionAutoConfiguration, org.springframework.boot.test.autoconfigure.jdbc.TestDatabaseAutoConfiguration, org.springframework.boot.test.autoconfigure.orm.jpa.TestEntityManagerAutoConfiguration]], org.springframework.boot.test.context.filter.ExcludeFilterContextCustomizer@581f317d, org.springframework.boot.test.json.DuplicateJsonObjectContextCustomizerFactory$DuplicateJsonObjectContextCustomizer@1c33d067, org.springframework.boot.test.mock.mockito.MockitoContextCustomizer@0], contextLoader = 'org.springframework.boot.test.context.SpringBootContextLoader', parent = [null]], attributes = map[[empty]]]; transaction manager [org.springframework.orm.jpa.JpaTransactionManager@4f481143]; rollback [true]
Hibernate: insert into user (idx, created_date, email, name, password, update_date) values (null, ?, ?, ?, ?, ?)
Hibernate: insert into board (idx, board_type, content, created_date, sub_title, title, updated_date, user_idx) values (null, ?, ?, ?, ?, ?, ?, ?)
Hibernate: select user0_.idx as idx1_1_, user0_.created_date as created_2_1_, user0_.email as email3_1_, user0_.name as name4_1_, user0_.password as password5_1_, user0_.update_date as update_d6_1_ from user user0_ where user0_.email=?
2020-04-23 18:34:06.167  INFO 19316 --- [    Test worker] o.s.t.c.transaction.TransactionContext   : Rolled back transaction for test: [DefaultTestContext@2bf0f578 testClass = StudyspringbootApplicationTests, testInstance = ac.kr.smu.studyspringboot.StudyspringbootApplicationTests@7bfa8a59, testMethod = test@StudyspringbootApplicationTests, testException = [null], mergedContextConfiguration = [MergedContextConfiguration@5b3db1f8 testClass = StudyspringbootApplicationTests, locations = '{}', classes = '{class ac.kr.smu.studyspringboot.StudyspringbootApplication}', contextInitializerClasses = '[]', activeProfiles = '{}', propertySourceLocations = '{}', propertySourceProperties = '{org.springframework.boot.test.autoconfigure.orm.jpa.DataJpaTestContextBootstrapper=true}', contextCustomizers = set[org.springframework.boot.test.autoconfigure.OverrideAutoConfigurationContextCustomizerFactory$DisableAutoConfigurationContextCustomizer@2ec432f3, org.springframework.boot.test.autoconfigure.filter.TypeExcludeFiltersContextCustomizer@351584c0, org.springframework.boot.test.autoconfigure.properties.PropertyMappingContextCustomizer@2e1c2f97, org.springframework.boot.test.autoconfigure.web.servlet.WebDriverContextCustomizerFactory$Customizer@2653e79c, [ImportsContextCustomizer@4f32ae15 key = [org.springframework.boot.autoconfigure.cache.CacheAutoConfiguration, org.springframework.boot.autoconfigure.data.jpa.JpaRepositoriesAutoConfiguration, org.springframework.boot.autoconfigure.flyway.FlywayAutoConfiguration, org.springframework.boot.autoconfigure.jdbc.DataSourceAutoConfiguration, org.springframework.boot.autoconfigure.jdbc.DataSourceTransactionManagerAutoConfiguration, org.springframework.boot.autoconfigure.jdbc.JdbcTemplateAutoConfiguration, org.springframework.boot.autoconfigure.liquibase.LiquibaseAutoConfiguration, org.springframework.boot.autoconfigure.orm.jpa.HibernateJpaAutoConfiguration, org.springframework.boot.autoconfigure.transaction.TransactionAutoConfiguration, org.springframework.boot.test.autoconfigure.jdbc.TestDatabaseAutoConfiguration, org.springframework.boot.test.autoconfigure.orm.jpa.TestEntityManagerAutoConfiguration]], org.springframework.boot.test.context.filter.ExcludeFilterContextCustomizer@581f317d, org.springframework.boot.test.json.DuplicateJsonObjectContextCustomizerFactory$DuplicateJsonObjectContextCustomizer@1c33d067, org.springframework.boot.test.mock.mockito.MockitoContextCustomizer@0], contextLoader = 'org.springframework.boot.test.context.SpringBootContextLoader', parent = [null]], attributes = map[[empty]]]
]]></system-out>
  <system-err><![CDATA[]]></system-err>
</testsuite>
